<?xml version="1.0" encoding="UTF-8"?>
<!-- Generated by org.testng.reporters.JUnitReportReporter -->
<testsuite hostname="DESKTOP-4M14A0P" failures="0" tests="1" name="driverFactory.DriverScript" time="20.400" errors="0" timestamp="13 Jul 2023 13:56:01 GMT">
  <testcase classname="driverFactory.DriverScript" name="startTest" time="20.400"/>
</testsuite> <!-- driverFactory.DriverScript -->
